<?xml version="1.0" encoding="utf-8"?>
<coverage line-rate="0.40590000000000004" branch-rate="0.4036" version="1.9" timestamp="1766260537" lines-covered="658" lines-valid="1621" branches-covered="245" branches-valid="607">
  <sources>
    <source>/home/dom/Downloads/repos/zipper/Zipper/</source>
  </sources>
  <packages>
    <package name="Zipper" line-rate="0.40590000000000004" branch-rate="0.4036" complexity="718">
      <classes>
        <class name="PlaceholderFiles" filename="PlaceholderFiles.cs" line-rate="0.8856999999999999" branch-rate="0.25" complexity="6">
          <methods>
            <method name="GetContent" signature="(System.String)" line-rate="1" branch-rate="0.5" complexity="2">
              <lines>
                <line number="66" hits="2" branch="False" />
                <line number="67" hits="2" branch="True" condition-coverage="50% (1/2)">
                  <conditions>
                    <condition number="14" type="jump" coverage="50%" />
                  </conditions>
                </line>
                <line number="68" hits="2" branch="False" />
              </lines>
            </method>
            <method name="GetRandomAttachment" signature="()" line-rate="0" branch-rate="0" complexity="2">
              <lines>
                <line number="71" hits="0" branch="False" />
                <line number="72" hits="0" branch="False" />
                <line number="73" hits="0" branch="False" />
                <line number="74" hits="0" branch="True" condition-coverage="0% (0/2)">
                  <conditions>
                    <condition number="36" type="jump" coverage="0%" />
                  </conditions>
                </line>
                <line number="76" hits="0" branch="False" />
                <line number="77" hits="0" branch="False" />
                <line number="78" hits="0" branch="False" />
                <line number="79" hits="0" branch="False" />
              </lines>
            </method>
            <method name="CreateTiff" signature="()" line-rate="1" branch-rate="1" complexity="1">
              <lines>
                <line number="82" hits="1" branch="False" />
                <line number="83" hits="1" branch="False" />
                <line number="84" hits="1" branch="False" />
                <line number="85" hits="1" branch="False" />
                <line number="87" hits="1" branch="False" />
                <line number="88" hits="1" branch="False" />
                <line number="89" hits="1" branch="False" />
                <line number="90" hits="1" branch="False" />
                <line number="91" hits="1" branch="False" />
                <line number="93" hits="1" branch="False" />
                <line number="94" hits="1" branch="False" />
                <line number="95" hits="1" branch="False" />
                <line number="96" hits="1" branch="False" />
                <line number="99" hits="1" branch="False" />
              </lines>
            </method>
            <method name=".cctor" signature="()" line-rate="1" branch-rate="1" complexity="1">
              <lines>
                <line number="12" hits="1" branch="False" />
                <line number="13" hits="1" branch="False" />
                <line number="14" hits="1" branch="False" />
                <line number="15" hits="1" branch="False" />
                <line number="16" hits="1" branch="False" />
                <line number="17" hits="1" branch="False" />
                <line number="18" hits="1" branch="False" />
                <line number="19" hits="1" branch="False" />
                <line number="20" hits="1" branch="False" />
                <line number="21" hits="1" branch="False" />
                <line number="22" hits="1" branch="False" />
                <line number="23" hits="1" branch="False" />
                <line number="24" hits="1" branch="False" />
                <line number="27" hits="1" branch="False" />
                <line number="30" hits="1" branch="False" />
                <line number="31" hits="1" branch="False" />
                <line number="32" hits="1" branch="False" />
                <line number="33" hits="1" branch="False" />
                <line number="34" hits="1" branch="False" />
                <line number="35" hits="1" branch="False" />
                <line number="36" hits="1" branch="False" />
                <line number="37" hits="1" branch="False" />
                <line number="38" hits="1" branch="False" />
                <line number="39" hits="1" branch="False" />
                <line number="40" hits="1" branch="False" />
                <line number="41" hits="1" branch="False" />
                <line number="42" hits="1" branch="False" />
                <line number="43" hits="1" branch="False" />
                <line number="44" hits="1" branch="False" />
                <line number="45" hits="1" branch="False" />
                <line number="46" hits="1" branch="False" />
                <line number="47" hits="1" branch="False" />
                <line number="48" hits="1" branch="False" />
                <line number="49" hits="1" branch="False" />
                <line number="50" hits="1" branch="False" />
                <line number="51" hits="1" branch="False" />
                <line number="52" hits="1" branch="False" />
                <line number="54" hits="1" branch="False" />
                <line number="55" hits="1" branch="False" />
                <line number="56" hits="1" branch="False" />
                <line number="57" hits="1" branch="False" />
                <line number="58" hits="1" branch="False" />
                <line number="59" hits="1" branch="False" />
                <line number="61" hits="1" branch="False" />
                <line number="63" hits="1" branch="False" />
              </lines>
            </method>
          </methods>
          <lines>
            <line number="66" hits="2" branch="False" />
            <line number="67" hits="2" branch="True" condition-coverage="50% (1/2)">
              <conditions>
                <condition number="14" type="jump" coverage="50%" />
              </conditions>
            </line>
            <line number="68" hits="2" branch="False" />
            <line number="71" hits="0" branch="False" />
            <line number="72" hits="0" branch="False" />
            <line number="73" hits="0" branch="False" />
            <line number="74" hits="0" branch="True" condition-coverage="0% (0/2)">
              <conditions>
                <condition number="36" type="jump" coverage="0%" />
              </conditions>
            </line>
            <line number="76" hits="0" branch="False" />
            <line number="77" hits="0" branch="False" />
            <line number="78" hits="0" branch="False" />
            <line number="79" hits="0" branch="False" />
            <line number="82" hits="1" branch="False" />
            <line number="83" hits="1" branch="False" />
            <line number="84" hits="1" branch="False" />
            <line number="85" hits="1" branch="False" />
            <line number="87" hits="1" branch="False" />
            <line number="88" hits="1" branch="False" />
            <line number="89" hits="1" branch="False" />
            <line number="90" hits="1" branch="False" />
            <line number="91" hits="1" branch="False" />
            <line number="93" hits="1" branch="False" />
            <line number="94" hits="1" branch="False" />
            <line number="95" hits="1" branch="False" />
            <line number="96" hits="1" branch="False" />
            <line number="99" hits="1" branch="False" />
            <line number="12" hits="1" branch="False" />
            <line number="13" hits="1" branch="False" />
            <line number="14" hits="1" branch="False" />
            <line number="15" hits="1" branch="False" />
            <line number="16" hits="1" branch="False" />
            <line number="17" hits="1" branch="False" />
            <line number="18" hits="1" branch="False" />
            <line number="19" hits="1" branch="False" />
            <line number="20" hits="1" branch="False" />
            <line number="21" hits="1" branch="False" />
            <line number="22" hits="1" branch="False" />
            <line number="23" hits="1" branch="False" />
            <line number="24" hits="1" branch="False" />
            <line number="27" hits="1" branch="False" />
            <line number="30" hits="1" branch="False" />
            <line number="31" hits="1" branch="False" />
            <line number="32" hits="1" branch="False" />
            <line number="33" hits="1" branch="False" />
            <line number="34" hits="1" branch="False" />
            <line number="35" hits="1" branch="False" />
            <line number="36" hits="1" branch="False" />
            <line number="37" hits="1" branch="False" />
            <line number="38" hits="1" branch="False" />
            <line number="39" hits="1" branch="False" />
            <line number="40" hits="1" branch="False" />
            <line number="41" hits="1" branch="False" />
            <line number="42" hits="1" branch="False" />
            <line number="43" hits="1" branch="False" />
            <line number="44" hits="1" branch="False" />
            <line number="45" hits="1" branch="False" />
            <line number="46" hits="1" branch="False" />
            <line number="47" hits="1" branch="False" />
            <line number="48" hits="1" branch="False" />
            <line number="49" hits="1" branch="False" />
            <line number="50" hits="1" branch="False" />
            <line number="51" hits="1" branch="False" />
            <line number="52" hits="1" branch="False" />
            <line number="54" hits="1" branch="False" />
            <line number="55" hits="1" branch="False" />
            <line number="56" hits="1" branch="False" />
            <line number="57" hits="1" branch="False" />
            <line number="58" hits="1" branch="False" />
            <line number="59" hits="1" branch="False" />
            <line number="61" hits="1" branch="False" />
            <line number="63" hits="1" branch="False" />
          </lines>
        </class>
        <class name="Zipper.BufferedStreamWriter" filename="BufferedStreamWriter.cs" line-rate="1" branch-rate="0.75" complexity="4">
          <methods>
            <method name=".ctor" signature="(System.IO.Stream,System.Nullable`1&lt;System.Int32&gt;)" line-rate="1" branch-rate="0.75" complexity="4">
              <lines>
                <line number="19" hits="2" branch="False" />
                <line number="21" hits="2" branch="False" />
                <line number="22" hits="2" branch="False" />
                <line number="23" hits="2" branch="True" condition-coverage="50% (1/2)">
                  <conditions>
                    <condition number="18" type="jump" coverage="50%" />
                  </conditions>
                </line>
                <line number="24" hits="2" branch="True" condition-coverage="100% (2/2)">
                  <conditions>
                    <condition number="47" type="jump" coverage="100%" />
                  </conditions>
                </line>
                <line number="25" hits="2" branch="False" />
                <line number="26" hits="2" branch="False" />
                <line number="27" hits="2" branch="False" />
              </lines>
            </method>
          </methods>
          <lines>
            <line number="19" hits="2" branch="False" />
            <line number="21" hits="2" branch="False" />
            <line number="22" hits="2" branch="False" />
            <line number="23" hits="2" branch="True" condition-coverage="50% (1/2)">
              <conditions>
                <condition number="18" type="jump" coverage="50%" />
              </conditions>
            </line>
            <line number="24" hits="2" branch="True" condition-coverage="100% (2/2)">
              <conditions>
                <condition number="47" type="jump" coverage="100%" />
              </conditions>
            </line>
            <line number="25" hits="2" branch="False" />
            <line number="26" hits="2" branch="False" />
            <line number="27" hits="2" branch="False" />
          </lines>
        </class>
        <class name="Zipper.BufferedStreamWriter/&lt;DisposeAsync&gt;d__10" filename="BufferedStreamWriter.cs" line-rate="1" branch-rate="0.75" complexity="4">
          <methods>
            <method name="MoveNext" signature="()" line-rate="1" branch-rate="0.75" complexity="4">
              <lines>
                <line number="86" hits="2" branch="False" />
                <line number="87" hits="2" branch="True" condition-coverage="100% (2/2)">
                  <conditions>
                    <condition number="31" type="jump" coverage="100%" />
                  </conditions>
                </line>
                <line number="88" hits="2" branch="False" />
                <line number="89" hits="2" branch="False" />
                <line number="90" hits="2" branch="True" condition-coverage="50% (1/2)">
                  <conditions>
                    <condition number="161" type="jump" coverage="50%" />
                  </conditions>
                </line>
                <line number="91" hits="2" branch="False" />
                <line number="92" hits="2" branch="False" />
                <line number="93" hits="2" branch="False" />
              </lines>
            </method>
          </methods>
          <lines>
            <line number="86" hits="2" branch="False" />
            <line number="87" hits="2" branch="True" condition-coverage="100% (2/2)">
              <conditions>
                <condition number="31" type="jump" coverage="100%" />
              </conditions>
            </line>
            <line number="88" hits="2" branch="False" />
            <line number="89" hits="2" branch="False" />
            <line number="90" hits="2" branch="True" condition-coverage="50% (1/2)">
              <conditions>
                <condition number="161" type="jump" coverage="50%" />
              </conditions>
            </line>
            <line number="91" hits="2" branch="False" />
            <line number="92" hits="2" branch="False" />
            <line number="93" hits="2" branch="False" />
          </lines>
        </class>
        <class name="Zipper.BufferedStreamWriter/&lt;FlushAsync&gt;d__8" filename="BufferedStreamWriter.cs" line-rate="0.8332999999999999" branch-rate="0.5" complexity="2">
          <methods>
            <method name="MoveNext" signature="()" line-rate="0.8332999999999999" branch-rate="0.5" complexity="2">
              <lines>
                <line number="68" hits="4" branch="False" />
                <line number="69" hits="4" branch="True" condition-coverage="50% (1/2)">
                  <conditions>
                    <condition number="39" type="jump" coverage="50%" />
                  </conditions>
                </line>
                <line number="70" hits="0" branch="False" />
                <line number="72" hits="4" branch="False" />
                <line number="73" hits="4" branch="False" />
                <line number="74" hits="4" branch="False" />
              </lines>
            </method>
          </methods>
          <lines>
            <line number="68" hits="4" branch="False" />
            <line number="69" hits="4" branch="True" condition-coverage="50% (1/2)">
              <conditions>
                <condition number="39" type="jump" coverage="50%" />
              </conditions>
            </line>
            <line number="70" hits="0" branch="False" />
            <line number="72" hits="4" branch="False" />
            <line number="73" hits="4" branch="False" />
            <line number="74" hits="4" branch="False" />
          </lines>
        </class>
        <class name="Zipper.BufferedStreamWriter/&lt;FlushInternalAsync&gt;d__9" filename="BufferedStreamWriter.cs" line-rate="1" branch-rate="1" complexity="2">
          <methods>
            <method name="MoveNext" signature="()" line-rate="1" branch-rate="1" complexity="2">
              <lines>
                <line number="77" hits="5" branch="False" />
                <line number="78" hits="5" branch="True" condition-coverage="100% (2/2)">
                  <conditions>
                    <condition number="34" type="jump" coverage="100%" />
                  </conditions>
                </line>
                <line number="79" hits="2" branch="False" />
                <line number="80" hits="2" branch="False" />
                <line number="81" hits="2" branch="False" />
                <line number="82" hits="2" branch="False" />
                <line number="83" hits="5" branch="False" />
              </lines>
            </method>
          </methods>
          <lines>
            <line number="77" hits="5" branch="False" />
            <line number="78" hits="5" branch="True" condition-coverage="100% (2/2)">
              <conditions>
                <condition number="34" type="jump" coverage="100%" />
              </conditions>
            </line>
            <line number="79" hits="2" branch="False" />
            <line number="80" hits="2" branch="False" />
            <line number="81" hits="2" branch="False" />
            <line number="82" hits="2" branch="False" />
            <line number="83" hits="5" branch="False" />
          </lines>
        </class>
        <class name="Zipper.BufferedStreamWriter/&lt;WriteAsync&gt;d__7" filename="BufferedStreamWriter.cs" line-rate="0.9545" branch-rate="0.8332999999999999" complexity="6">
          <methods>
            <method name="MoveNext" signature="()" line-rate="0.9545" branch-rate="0.8332999999999999" complexity="6">
              <lines>
                <line number="33" hits="3" branch="False" />
                <line number="34" hits="3" branch="True" condition-coverage="50% (1/2)">
                  <conditions>
                    <condition number="31" type="jump" coverage="50%" />
                  </conditions>
                </line>
                <line number="35" hits="0" branch="False" />
                <line number="37" hits="3" branch="False" />
                <line number="38" hits="3" branch="False" />
                <line number="40" hits="4" branch="True" condition-coverage="100% (2/2)">
                  <conditions>
                    <condition number="531" type="jump" coverage="100%" />
                  </conditions>
                </line>
                <line number="41" hits="3" branch="False" />
                <line number="42" hits="3" branch="False" />
                <line number="44" hits="3" branch="True" condition-coverage="100% (2/2)">
                  <conditions>
                    <condition number="122" type="jump" coverage="100%" />
                  </conditions>
                </line>
                <line number="45" hits="1" branch="False" />
                <line number="47" hits="1" branch="False" />
                <line number="48" hits="1" branch="False" />
                <line number="49" hits="1" branch="False" />
                <line number="51" hits="1" branch="False" />
                <line number="52" hits="1" branch="False" />
                <line number="53" hits="1" branch="False" />
                <line number="55" hits="2" branch="False" />
                <line number="57" hits="2" branch="False" />
                <line number="58" hits="2" branch="False" />
                <line number="59" hits="2" branch="False" />
                <line number="61" hits="1" branch="False" />
                <line number="62" hits="3" branch="False" />
              </lines>
            </method>
          </methods>
          <lines>
            <line number="33" hits="3" branch="False" />
            <line number="34" hits="3" branch="True" condition-coverage="50% (1/2)">
              <conditions>
                <condition number="31" type="jump" coverage="50%" />
              </conditions>
            </line>
            <line number="35" hits="0" branch="False" />
            <line number="37" hits="3" branch="False" />
            <line number="38" hits="3" branch="False" />
            <line number="40" hits="4" branch="True" condition-coverage="100% (2/2)">
              <conditions>
                <condition number="531" type="jump" coverage="100%" />
              </conditions>
            </line>
            <line number="41" hits="3" branch="False" />
            <line number="42" hits="3" branch="False" />
            <line number="44" hits="3" branch="True" condition-coverage="100% (2/2)">
              <conditions>
                <condition number="122" type="jump" coverage="100%" />
              </conditions>
            </line>
            <line number="45" hits="1" branch="False" />
            <line number="47" hits="1" branch="False" />
            <line number="48" hits="1" branch="False" />
            <line number="49" hits="1" branch="False" />
            <line number="51" hits="1" branch="False" />
            <line number="52" hits="1" branch="False" />
            <line number="53" hits="1" branch="False" />
            <line number="55" hits="2" branch="False" />
            <line number="57" hits="2" branch="False" />
            <line number="58" hits="2" branch="False" />
            <line number="59" hits="2" branch="False" />
            <line number="61" hits="1" branch="False" />
            <line number="62" hits="3" branch="False" />
          </lines>
        </class>
        <class name="Zipper.CommandLineValidator" filename="CommandLineValidator.cs" line-rate="0.981" branch-rate="0.9295" complexity="143">
          <methods>
            <method name="ValidateAndParseArguments" signature="(System.String[])" line-rate="1" branch-rate="1" complexity="8">
              <lines>
                <line number="19" hits="42" branch="False" />
                <line number="20" hits="42" branch="True" condition-coverage="100% (4/4)">
                  <conditions>
                    <condition number="2" type="jump" coverage="100%" />
                    <condition number="14" type="jump" coverage="100%" />
                  </conditions>
                </line>
                <line number="21" hits="2" branch="False" />
                <line number="22" hits="2" branch="False" />
                <line number="23" hits="2" branch="False" />
                <line number="27" hits="40" branch="False" />
                <line number="30" hits="40" branch="True" condition-coverage="100% (2/2)">
                  <conditions>
                    <condition number="45" type="jump" coverage="100%" />
                  </conditions>
                </line>
                <line number="31" hits="5" branch="False" />
                <line number="32" hits="5" branch="False" />
                <line number="33" hits="5" branch="False" />
                <line number="37" hits="35" branch="True" condition-coverage="100% (2/2)">
                  <conditions>
                    <condition number="71" type="jump" coverage="100%" />
                  </conditions>
                </line>
                <line number="38" hits="7" branch="False" />
                <line number="39" hits="7" branch="False" />
                <line number="43" hits="28" branch="False" />
                <line number="44" hits="42" branch="False" />
              </lines>
            </method>
            <method name="ShowUsage" signature="()" line-rate="1" branch-rate="1" complexity="1">
              <lines>
                <line number="50" hits="8" branch="False" />
                <line number="51" hits="8" branch="False" />
                <line number="52" hits="8" branch="False" />
                <line number="53" hits="8" branch="False" />
                <line number="54" hits="8" branch="False" />
              </lines>
            </method>
            <method name="ParseArguments" signature="(System.String[])" line-rate="1" branch-rate="0.9594" complexity="74">
              <lines>
                <line number="60" hits="40" branch="False" />
                <line number="61" hits="40" branch="False" />
                <line number="63" hits="380" branch="True" condition-coverage="100% (2/2)">
                  <conditions>
                    <condition number="812" type="jump" coverage="100%" />
                  </conditions>
                </line>
                <line number="64" hits="150" branch="False" />
                <line number="65" hits="150" branch="True" condition-coverage="100% (50/50)">
                  <conditions>
                    <condition number="40" type="jump" coverage="100%" />
                    <condition number="49" type="jump" coverage="100%" />
                    <condition number="58" type="jump" coverage="100%" />
                    <condition number="89" type="jump" coverage="100%" />
                    <condition number="103" type="jump" coverage="100%" />
                    <condition number="134" type="jump" coverage="100%" />
                    <condition number="143" type="jump" coverage="100%" />
                    <condition number="154" type="jump" coverage="100%" />
                    <condition number="185" type="jump" coverage="100%" />
                    <condition number="199" type="jump" coverage="100%" />
                    <condition number="213" type="jump" coverage="100%" />
                    <condition number="72" type="jump" coverage="100%" />
                    <condition number="168" type="jump" coverage="100%" />
                    <condition number="117" type="jump" coverage="100%" />
                    <condition number="232" type="jump" coverage="100%" />
                    <condition number="254" type="jump" coverage="100%" />
                    <condition number="276" type="jump" coverage="100%" />
                    <condition number="298" type="jump" coverage="100%" />
                    <condition number="320" type="jump" coverage="100%" />
                    <condition number="342" type="jump" coverage="100%" />
                    <condition number="364" type="jump" coverage="100%" />
                    <condition number="386" type="jump" coverage="100%" />
                    <condition number="408" type="jump" coverage="100%" />
                    <condition number="430" type="jump" coverage="100%" />
                    <condition number="452" type="jump" coverage="100%" />
                  </conditions>
                </line>
                <line number="68" hits="78" branch="True" condition-coverage="100% (2/2)">
                  <conditions>
                    <condition number="474" type="jump" coverage="100%" />
                  </conditions>
                </line>
                <line number="69" hits="39" branch="False" />
                <line number="71" hits="76" branch="True" condition-coverage="75% (3/4)">
                  <conditions>
                    <condition number="501" type="jump" coverage="50%" />
                    <condition number="524" type="jump" coverage="100%" />
                  </conditions>
                </line>
                <line number="72" hits="38" branch="False" />
                <line number="74" hits="39" branch="True" condition-coverage="100% (2/2)">
                  <conditions>
                    <condition number="556" type="jump" coverage="100%" />
                  </conditions>
                </line>
                <line number="75" hits="39" branch="False" />
                <line number="76" hits="39" branch="False" />
                <line number="77" hits="39" branch="False" />
                <line number="78" hits="39" branch="False" />
                <line number="79" hits="39" branch="False" />
                <line number="81" hits="8" branch="True" condition-coverage="75% (3/4)">
                  <conditions>
                    <condition number="594" type="jump" coverage="50%" />
                    <condition number="617" type="jump" coverage="100%" />
                  </conditions>
                </line>
                <line number="82" hits="4" branch="False" />
                <line number="84" hits="16" branch="True" condition-coverage="100% (2/2)">
                  <conditions>
                    <condition number="644" type="jump" coverage="100%" />
                  </conditions>
                </line>
                <line number="85" hits="8" branch="False" />
                <line number="87" hits="16" branch="True" condition-coverage="100% (2/2)">
                  <conditions>
                    <condition number="677" type="jump" coverage="100%" />
                  </conditions>
                </line>
                <line number="88" hits="8" branch="False" />
                <line number="90" hits="1" branch="False" />
                <line number="91" hits="1" branch="False" />
                <line number="93" hits="1" branch="False" />
                <line number="94" hits="1" branch="False" />
                <line number="96" hits="6" branch="True" condition-coverage="75% (3/4)">
                  <conditions>
                    <condition number="721" type="jump" coverage="50%" />
                    <condition number="744" type="jump" coverage="100%" />
                  </conditions>
                </line>
                <line number="97" hits="3" branch="False" />
                <line number="99" hits="16" branch="True" condition-coverage="100% (2/2)">
                  <conditions>
                    <condition number="769" type="jump" coverage="100%" />
                  </conditions>
                </line>
                <line number="100" hits="8" branch="False" />
                <line number="102" hits="1" branch="False" />
                <line number="103" hits="1" branch="False" />
                <line number="105" hits="150" branch="False" />
                <line number="107" hits="40" branch="False" />
                <line number="108" hits="40" branch="False" />
              </lines>
            </method>
            <method name="ValidateRequiredArguments" signature="(Zipper.CommandLineValidator/ParsedArguments)" line-rate="1" branch-rate="1" complexity="6">
              <lines>
                <line number="114" hits="40" branch="False" />
                <line number="115" hits="40" branch="True" condition-coverage="100% (2/2)">
                  <conditions>
                    <condition number="14" type="jump" coverage="100%" />
                  </conditions>
                </line>
                <line number="116" hits="1" branch="False" />
                <line number="117" hits="1" branch="False" />
                <line number="118" hits="1" branch="False" />
                <line number="121" hits="39" branch="True" condition-coverage="100% (2/2)">
                  <conditions>
                    <condition number="56" type="jump" coverage="100%" />
                  </conditions>
                </line>
                <line number="122" hits="2" branch="False" />
                <line number="123" hits="2" branch="False" />
                <line number="124" hits="2" branch="False" />
                <line number="127" hits="37" branch="True" condition-coverage="100% (2/2)">
                  <conditions>
                    <condition number="92" type="jump" coverage="100%" />
                  </conditions>
                </line>
                <line number="128" hits="2" branch="False" />
                <line number="129" hits="2" branch="False" />
                <line number="130" hits="2" branch="False" />
                <line number="133" hits="35" branch="False" />
                <line number="134" hits="40" branch="False" />
              </lines>
            </method>
            <method name="ValidateOptionalArguments" signature="(Zipper.CommandLineValidator/ParsedArguments)" line-rate="0.9" branch-rate="0.875" complexity="24">
              <lines>
                <line number="140" hits="35" branch="False" />
                <line number="142" hits="35" branch="True" condition-coverage="75% (3/4)">
                  <conditions>
                    <condition number="12" type="jump" coverage="100%" />
                    <condition number="36" type="jump" coverage="50%" />
                  </conditions>
                </line>
                <line number="143" hits="0" branch="False" />
                <line number="144" hits="0" branch="False" />
                <line number="145" hits="0" branch="False" />
                <line number="149" hits="35" branch="True" condition-coverage="100% (4/4)">
                  <conditions>
                    <condition number="69" type="jump" coverage="100%" />
                    <condition number="86" type="jump" coverage="100%" />
                  </conditions>
                </line>
                <line number="150" hits="2" branch="False" />
                <line number="151" hits="2" branch="False" />
                <line number="152" hits="2" branch="False" />
                <line number="156" hits="33" branch="True" condition-coverage="100% (4/4)">
                  <conditions>
                    <condition number="119" type="jump" coverage="100%" />
                    <condition number="138" type="jump" coverage="100%" />
                  </conditions>
                </line>
                <line number="157" hits="2" branch="False" />
                <line number="158" hits="2" branch="False" />
                <line number="159" hits="2" branch="False" />
                <line number="163" hits="31" branch="True" condition-coverage="75% (3/4)">
                  <conditions>
                    <condition number="175" type="jump" coverage="50%" />
                    <condition number="198" type="jump" coverage="100%" />
                  </conditions>
                </line>
                <line number="164" hits="1" branch="False" />
                <line number="165" hits="1" branch="False" />
                <line number="166" hits="1" branch="False" />
                <line number="170" hits="30" branch="True" condition-coverage="75% (3/4)">
                  <conditions>
                    <condition number="251" type="jump" coverage="50%" />
                    <condition number="283" type="jump" coverage="100%" />
                  </conditions>
                </line>
                <line number="171" hits="1" branch="False" />
                <line number="172" hits="1" branch="False" />
                <line number="173" hits="1" branch="False" />
                <line number="177" hits="29" branch="True" condition-coverage="100% (2/2)">
                  <conditions>
                    <condition number="340" type="jump" coverage="100%" />
                  </conditions>
                </line>
                <line number="178" hits="7" branch="False" />
                <line number="179" hits="7" branch="True" condition-coverage="100% (2/2)">
                  <conditions>
                    <condition number="369" type="jump" coverage="100%" />
                  </conditions>
                </line>
                <line number="180" hits="1" branch="False" />
                <line number="181" hits="1" branch="False" />
                <line number="182" hits="1" branch="False" />
                <line number="184" hits="6" branch="False" />
                <line number="186" hits="28" branch="False" />
                <line number="187" hits="35" branch="False" />
              </lines>
            </method>
            <method name="CreateFileGenerationRequest" signature="(Zipper.CommandLineValidator/ParsedArguments)" line-rate="1" branch-rate="0.6" complexity="10">
              <lines>
                <line number="193" hits="28" branch="False" />
                <line number="194" hits="28" branch="True" condition-coverage="50% (1/2)">
                  <conditions>
                    <condition number="8" type="jump" coverage="50%" />
                  </conditions>
                </line>
                <line number="195" hits="28" branch="True" condition-coverage="62.5% (5/8)">
                  <conditions>
                    <condition number="147" type="jump" coverage="100%" />
                    <condition number="198" type="jump" coverage="50%" />
                    <condition number="227" type="jump" coverage="50%" />
                    <condition number="239" type="jump" coverage="50%" />
                  </conditions>
                </line>
                <line number="196" hits="28" branch="False" />
                <line number="197" hits="28" branch="False" />
                <line number="198" hits="28" branch="False" />
                <line number="199" hits="28" branch="False" />
                <line number="200" hits="28" branch="False" />
                <line number="201" hits="28" branch="False" />
                <line number="202" hits="28" branch="False" />
                <line number="203" hits="28" branch="False" />
                <line number="204" hits="28" branch="False" />
                <line number="205" hits="28" branch="False" />
                <line number="206" hits="28" branch="False" />
                <line number="207" hits="28" branch="False" />
                <line number="208" hits="28" branch="False" />
                <line number="209" hits="28" branch="False" />
                <line number="210" hits="28" branch="False" />
              </lines>
            </method>
            <method name="ParseSize" signature="(System.String)" line-rate="1" branch-rate="1" complexity="8">
              <lines>
                <line number="216" hits="13" branch="False" />
                <line number="217" hits="13" branch="False" />
                <line number="218" hits="13" branch="False" />
                <line number="220" hits="13" branch="True" condition-coverage="100% (2/2)">
                  <conditions>
                    <condition number="30" type="jump" coverage="100%" />
                  </conditions>
                </line>
                <line number="221" hits="2" branch="False" />
                <line number="222" hits="2" branch="False" />
                <line number="223" hits="2" branch="False" />
                <line number="224" hits="2" branch="False" />
                <line number="225" hits="11" branch="True" condition-coverage="100% (2/2)">
                  <conditions>
                    <condition number="73" type="jump" coverage="100%" />
                  </conditions>
                </line>
                <line number="226" hits="6" branch="False" />
                <line number="227" hits="6" branch="False" />
                <line number="228" hits="6" branch="False" />
                <line number="229" hits="6" branch="False" />
                <line number="230" hits="5" branch="True" condition-coverage="100% (2/2)">
                  <conditions>
                    <condition number="118" type="jump" coverage="100%" />
                  </conditions>
                </line>
                <line number="231" hits="4" branch="False" />
                <line number="232" hits="4" branch="False" />
                <line number="233" hits="4" branch="False" />
                <line number="234" hits="4" branch="False" />
                <line number="236" hits="13" branch="True" condition-coverage="100% (2/2)">
                  <conditions>
                    <condition number="158" type="jump" coverage="100%" />
                  </conditions>
                </line>
                <line number="237" hits="12" branch="False" />
                <line number="238" hits="12" branch="False" />
                <line number="241" hits="1" branch="False" />
                <line number="242" hits="13" branch="False" />
              </lines>
            </method>
            <method name="GetDistributionFromName" signature="(System.String)" line-rate="1" branch-rate="1" complexity="6">
              <lines>
                <line number="248" hits="58" branch="False" />
                <line number="249" hits="58" branch="True" condition-coverage="100% (6/6)">
                  <conditions>
                    <condition number="23" type="jump" coverage="100%" />
                    <condition number="36" type="jump" coverage="100%" />
                    <condition number="49" type="jump" coverage="100%" />
                  </conditions>
                </line>
                <line number="250" hits="58" branch="False" />
                <line number="251" hits="47" branch="False" />
                <line number="252" hits="6" branch="False" />
                <line number="253" hits="4" branch="False" />
                <line number="254" hits="1" branch="False" />
                <line number="255" hits="58" branch="False" />
                <line number="256" hits="58" branch="False" />
              </lines>
            </method>
            <method name="GetEncodingFromName" signature="(System.String)" line-rate="1" branch-rate="1" complexity="6">
              <lines>
                <line number="262" hits="59" branch="False" />
                <line number="263" hits="59" branch="True" condition-coverage="100% (6/6)">
                  <conditions>
                    <condition number="23" type="jump" coverage="100%" />
                    <condition number="36" type="jump" coverage="100%" />
                    <condition number="49" type="jump" coverage="100%" />
                  </conditions>
                </line>
                <line number="264" hits="59" branch="False" />
                <line number="265" hits="48" branch="False" />
                <line number="266" hits="4" branch="False" />
                <line number="267" hits="6" branch="False" />
                <line number="268" hits="1" branch="False" />
                <line number="269" hits="59" branch="False" />
                <line number="270" hits="59" branch="False" />
              </lines>
            </method>
          </methods>
          <lines>
            <line number="19" hits="42" branch="False" />
            <line number="20" hits="42" branch="True" condition-coverage="100% (4/4)">
              <conditions>
                <condition number="2" type="jump" coverage="100%" />
                <condition number="14" type="jump" coverage="100%" />
              </conditions>
            </line>
            <line number="21" hits="2" branch="False" />
            <line number="22" hits="2" branch="False" />
            <line number="23" hits="2" branch="False" />
            <line number="27" hits="40" branch="False" />
            <line number="30" hits="40" branch="True" condition-coverage="100% (2/2)">
              <conditions>
                <condition number="45" type="jump" coverage="100%" />
              </conditions>
            </line>
            <line number="31" hits="5" branch="False" />
            <line number="32" hits="5" branch="False" />
            <line number="33" hits="5" branch="False" />
            <line number="37" hits="35" branch="True" condition-coverage="100% (2/2)">
              <conditions>
                <condition number="71" type="jump" coverage="100%" />
              </conditions>
            </line>
            <line number="38" hits="7" branch="False" />
            <line number="39" hits="7" branch="False" />
            <line number="43" hits="28" branch="False" />
            <line number="44" hits="42" branch="False" />
            <line number="50" hits="8" branch="False" />
            <line number="51" hits="8" branch="False" />
            <line number="52" hits="8" branch="False" />
            <line number="53" hits="8" branch="False" />
            <line number="54" hits="8" branch="False" />
            <line number="60" hits="40" branch="False" />
            <line number="61" hits="40" branch="False" />
            <line number="63" hits="380" branch="True" condition-coverage="100% (2/2)">
              <conditions>
                <condition number="812" type="jump" coverage="100%" />
              </conditions>
            </line>
            <line number="64" hits="150" branch="False" />
            <line number="65" hits="150" branch="True" condition-coverage="100% (50/50)">
              <conditions>
                <condition number="40" type="jump" coverage="100%" />
                <condition number="49" type="jump" coverage="100%" />
                <condition number="58" type="jump" coverage="100%" />
                <condition number="89" type="jump" coverage="100%" />
                <condition number="103" type="jump" coverage="100%" />
                <condition number="134" type="jump" coverage="100%" />
                <condition number="143" type="jump" coverage="100%" />
                <condition number="154" type="jump" coverage="100%" />
                <condition number="185" type="jump" coverage="100%" />
                <condition number="199" type="jump" coverage="100%" />
                <condition number="213" type="jump" coverage="100%" />
                <condition number="72" type="jump" coverage="100%" />
                <condition number="168" type="jump" coverage="100%" />
                <condition number="117" type="jump" coverage="100%" />
                <condition number="232" type="jump" coverage="100%" />
                <condition number="254" type="jump" coverage="100%" />
                <condition number="276" type="jump" coverage="100%" />
                <condition number="298" type="jump" coverage="100%" />
                <condition number="320" type="jump" coverage="100%" />
                <condition number="342" type="jump" coverage="100%" />
                <condition number="364" type="jump" coverage="100%" />
                <condition number="386" type="jump" coverage="100%" />
                <condition number="408" type="jump" coverage="100%" />
                <condition number="430" type="jump" coverage="100%" />
                <condition number="452" type="jump" coverage="100%" />
              </conditions>
            </line>
            <line number="68" hits="78" branch="True" condition-coverage="100% (2/2)">
              <conditions>
                <condition number="474" type="jump" coverage="100%" />
              </conditions>
            </line>
            <line number="69" hits="39" branch="False" />
            <line number="71" hits="76" branch="True" condition-coverage="75% (3/4)">
              <conditions>
                <condition number="501" type="jump" coverage="50%" />
                <condition number="524" type="jump" coverage="100%" />
              </conditions>
            </line>
            <line number="72" hits="38" branch="False" />
            <line number="74" hits="39" branch="True" condition-coverage="100% (2/2)">
              <conditions>
                <condition number="556" type="jump" coverage="100%" />
              </conditions>
            </line>
            <line number="75" hits="39" branch="False" />
            <line number="76" hits="39" branch="False" />
            <line number="77" hits="39" branch="False" />
            <line number="78" hits="39" branch="False" />
            <line number="79" hits="39" branch="False" />
            <line number="81" hits="8" branch="True" condition-coverage="75% (3/4)">
              <conditions>
                <condition number="594" type="jump" coverage="50%" />
                <condition number="617" type="jump" coverage="100%" />
              </conditions>
            </line>
            <line number="82" hits="4" branch="False" />
            <line number="84" hits="16" branch="True" condition-coverage="100% (2/2)">
              <conditions>
                <condition number="644" type="jump" coverage="100%" />
              </conditions>
            </line>
            <line number="85" hits="8" branch="False" />
            <line number="87" hits="16" branch="True" condition-coverage="100% (2/2)">
              <conditions>
                <condition number="677" type="jump" coverage="100%" />
              </conditions>
            </line>
            <line number="88" hits="8" branch="False" />
            <line number="90" hits="1" branch="False" />
            <line number="91" hits="1" branch="False" />
            <line number="93" hits="1" branch="False" />
            <line number="94" hits="1" branch="False" />
            <line number="96" hits="6" branch="True" condition-coverage="75% (3/4)">
              <conditions>
                <condition number="721" type="jump" coverage="50%" />
                <condition number="744" type="jump" coverage="100%" />
              </conditions>
            </line>
            <line number="97" hits="3" branch="False" />
            <line number="99" hits="16" branch="True" condition-coverage="100% (2/2)">
              <conditions>
                <condition number="769" type="jump" coverage="100%" />
              </conditions>
            </line>
            <line number="100" hits="8" branch="False" />
            <line number="102" hits="1" branch="False" />
            <line number="103" hits="1" branch="False" />
            <line number="105" hits="150" branch="False" />
            <line number="107" hits="40" branch="False" />
            <line number="108" hits="40" branch="False" />
            <line number="114" hits="40" branch="False" />
            <line number="115" hits="40" branch="True" condition-coverage="100% (2/2)">
              <conditions>
                <condition number="14" type="jump" coverage="100%" />
              </conditions>
            </line>
            <line number="116" hits="1" branch="False" />
            <line number="117" hits="1" branch="False" />
            <line number="118" hits="1" branch="False" />
            <line number="121" hits="39" branch="True" condition-coverage="100% (2/2)">
              <conditions>
                <condition number="56" type="jump" coverage="100%" />
              </conditions>
            </line>
            <line number="122" hits="2" branch="False" />
            <line number="123" hits="2" branch="False" />
            <line number="124" hits="2" branch="False" />
            <line number="127" hits="37" branch="True" condition-coverage="100% (2/2)">
              <conditions>
                <condition number="92" type="jump" coverage="100%" />
              </conditions>
            </line>
            <line number="128" hits="2" branch="False" />
            <line number="129" hits="2" branch="False" />
            <line number="130" hits="2" branch="False" />
            <line number="133" hits="35" branch="False" />
            <line number="134" hits="40" branch="False" />
            <line number="140" hits="35" branch="False" />
            <line number="142" hits="35" branch="True" condition-coverage="75% (3/4)">
              <conditions>
                <condition number="12" type="jump" coverage="100%" />
                <condition number="36" type="jump" coverage="50%" />
              </conditions>
            </line>
            <line number="143" hits="0" branch="False" />
            <line number="144" hits="0" branch="False" />
            <line number="145" hits="0" branch="False" />
            <line number="149" hits="35" branch="True" condition-coverage="100% (4/4)">
              <conditions>
                <condition number="69" type="jump" coverage="100%" />
                <condition number="86" type="jump" coverage="100%" />
              </conditions>
            </line>
            <line number="150" hits="2" branch="False" />
            <line number="151" hits="2" branch="False" />
            <line number="152" hits="2" branch="False" />
            <line number="156" hits="33" branch="True" condition-coverage="100% (4/4)">
              <conditions>
                <condition number="119" type="jump" coverage="100%" />
                <condition number="138" type="jump" coverage="100%" />
              </conditions>
            </line>
            <line number="157" hits="2" branch="False" />
            <line number="158" hits="2" branch="False" />
            <line number="159" hits="2" branch="False" />
            <line number="163" hits="31" branch="True" condition-coverage="75% (3/4)">
              <conditions>
                <condition number="175" type="jump" coverage="50%" />
                <condition number="198" type="jump" coverage="100%" />
              </conditions>
            </line>
            <line number="164" hits="1" branch="False" />
            <line number="165" hits="1" branch="False" />
            <line number="166" hits="1" branch="False" />
            <line number="170" hits="30" branch="True" condition-coverage="75% (3/4)">
              <conditions>
                <condition number="251" type="jump" coverage="50%" />
                <condition number="283" type="jump" coverage="100%" />
              </conditions>
            </line>
            <line number="171" hits="1" branch="False" />
            <line number="172" hits="1" branch="False" />
            <line number="173" hits="1" branch="False" />
            <line number="177" hits="29" branch="True" condition-coverage="100% (2/2)">
              <conditions>
                <condition number="340" type="jump" coverage="100%" />
              </conditions>
            </line>
            <line number="178" hits="7" branch="False" />
            <line number="179" hits="7" branch="True" condition-coverage="100% (2/2)">
              <conditions>
                <condition number="369" type="jump" coverage="100%" />
              </conditions>
            </line>
            <line number="180" hits="1" branch="False" />
            <line number="181" hits="1" branch="False" />
            <line number="182" hits="1" branch="False" />
            <line number="184" hits="6" branch="False" />
            <line number="186" hits="28" branch="False" />
            <line number="187" hits="35" branch="False" />
            <line number="193" hits="28" branch="False" />
            <line number="194" hits="28" branch="True" condition-coverage="50% (1/2)">
              <conditions>
                <condition number="8" type="jump" coverage="50%" />
              </conditions>
            </line>
            <line number="195" hits="28" branch="True" condition-coverage="62.5% (5/8)">
              <conditions>
                <condition number="147" type="jump" coverage="100%" />
                <condition number="198" type="jump" coverage="50%" />
                <condition number="227" type="jump" coverage="50%" />
                <condition number="239" type="jump" coverage="50%" />
              </conditions>
            </line>
            <line number="196" hits="28" branch="False" />
            <line number="197" hits="28" branch="False" />
            <line number="198" hits="28" branch="False" />
            <line number="199" hits="28" branch="False" />
            <line number="200" hits="28" branch="False" />
            <line number="201" hits="28" branch="False" />
            <line number="202" hits="28" branch="False" />
            <line number="203" hits="28" branch="False" />
            <line number="204" hits="28" branch="False" />
            <line number="205" hits="28" branch="False" />
            <line number="206" hits="28" branch="False" />
            <line number="207" hits="28" branch="False" />
            <line number="208" hits="28" branch="False" />
            <line number="209" hits="28" branch="False" />
            <line number="210" hits="28" branch="False" />
            <line number="216" hits="13" branch="False" />
            <line number="217" hits="13" branch="False" />
            <line number="218" hits="13" branch="False" />
            <line number="220" hits="13" branch="True" condition-coverage="100% (2/2)">
              <conditions>
                <condition number="30" type="jump" coverage="100%" />
              </conditions>
            </line>
            <line number="221" hits="2" branch="False" />
            <line number="222" hits="2" branch="False" />
            <line number="223" hits="2" branch="False" />
            <line number="224" hits="2" branch="False" />
            <line number="225" hits="11" branch="True" condition-coverage="100% (2/2)">
              <conditions>
                <condition number="73" type="jump" coverage="100%" />
              </conditions>
            </line>
            <line number="226" hits="6" branch="False" />
            <line number="227" hits="6" branch="False" />
            <line number="228" hits="6" branch="False" />
            <line number="229" hits="6" branch="False" />
            <line number="230" hits="5" branch="True" condition-coverage="100% (2/2)">
              <conditions>
                <condition number="118" type="jump" coverage="100%" />
              </conditions>
            </line>
            <line number="231" hits="4" branch="False" />
            <line number="232" hits="4" branch="False" />
            <line number="233" hits="4" branch="False" />
            <line number="234" hits="4" branch="False" />
            <line number="236" hits="13" branch="True" condition-coverage="100% (2/2)">
              <conditions>
                <condition number="158" type="jump" coverage="100%" />
              </conditions>
            </line>
            <line number="237" hits="12" branch="False" />
            <line number="238" hits="12" branch="False" />
            <line number="241" hits="1" branch="False" />
            <line number="242" hits="13" branch="False" />
            <line number="248" hits="58" branch="False" />
            <line number="249" hits="58" branch="True" condition-coverage="100% (6/6)">
              <conditions>
                <condition number="23" type="jump" coverage="100%" />
                <condition number="36" type="jump" coverage="100%" />
                <condition number="49" type="jump" coverage="100%" />
              </conditions>
            </line>
            <line number="250" hits="58" branch="False" />
            <line number="251" hits="47" branch="False" />
            <line number="252" hits="6" branch="False" />
            <line number="253" hits="4" branch="False" />
            <line number="254" hits="1" branch="False" />
            <line number="255" hits="58" branch="False" />
            <line number="256" hits="58" branch="False" />
            <line number="262" hits="59" branch="False" />
            <line number="263" hits="59" branch="True" condition-coverage="100% (6/6)">
              <conditions>
                <condition number="23" type="jump" coverage="100%" />
                <condition number="36" type="jump" coverage="100%" />
                <condition number="49" type="jump" coverage="100%" />
              </conditions>
            </line>
            <line number="264" hits="59" branch="False" />
            <line number="265" hits="48" branch="False" />
            <line number="266" hits="4" branch="False" />
            <line number="267" hits="6" branch="False" />
            <line number="268" hits="1" branch="False" />
            <line number="269" hits="59" branch="False" />
            <line number="270" hits="59" branch="False" />
          </lines>
        </class>
        <class name="Zipper.CommandLineValidator/ParsedArguments" filename="CommandLineValidator.cs" line-rate="1" branch-rate="1" complexity="11">
          <methods>
            <method name="get_FileType" signature="()" line-rate="1" branch-rate="1" complexity="1">
              <lines>
                <line number="277" hits="107" branch="False" />
              </lines>
            </method>
            <method name="get_Count" signature="()" line-rate="1" branch-rate="1" complexity="1">
              <lines>
                <line number="278" hits="112" branch="False" />
              </lines>
            </method>
            <method name="get_OutputDirectory" signature="()" line-rate="1" branch-rate="1" complexity="1">
              <lines>
                <line number="279" hits="104" branch="False" />
              </lines>
            </method>
            <method name="get_Folders" signature="()" line-rate="1" branch-rate="1" complexity="1">
              <lines>
                <line number="280" hits="141" branch="False" />
              </lines>
            </method>
            <method name="get_Encoding" signature="()" line-rate="1" branch-rate="1" complexity="1">
              <lines>
                <line number="281" hits="139" branch="False" />
              </lines>
            </method>
            <method name="get_Distribution" signature="()" line-rate="1" branch-rate="1" complexity="1">
              <lines>
                <line number="282" hits="137" branch="False" />
              </lines>
            </method>
            <method name="get_WithMetadata" signature="()" line-rate="1" branch-rate="1" complexity="1">
              <lines>
                <line number="283" hits="29" branch="False" />
              </lines>
            </method>
            <method name="get_WithText" signature="()" line-rate="1" branch-rate="1" complexity="1">
              <lines>
                <line number="284" hits="29" branch="False" />
              </lines>
            </method>
            <method name="get_AttachmentRate" signature="()" line-rate="1" branch-rate="1" complexity="1">
              <lines>
                <line number="285" hits="96" branch="False" />
              </lines>
            </method>
            <method name="get_TargetZipSize" signature="()" line-rate="1" branch-rate="1" complexity="1">
              <lines>
                <line number="286" hits="113" branch="False" />
              </lines>
            </method>
            <method name="get_IncludeLoadFile" signature="()" line-rate="1" branch-rate="1" complexity="1">
              <lines>
                <line number="287" hits="29" branch="False" />
              </lines>
            </method>
          </methods>
          <lines>
            <line number="277" hits="107" branch="False" />
            <line number="278" hits="112" branch="False" />
            <line number="279" hits="104" branch="False" />
            <line number="280" hits="141" branch="False" />
            <line number="281" hits="139" branch="False" />
            <line number="282" hits="137" branch="False" />
            <line number="283" hits="29" branch="False" />
            <line number="284" hits="29" branch="False" />
            <line number="285" hits="96" branch="False" />
            <line number="286" hits="113" branch="False" />
            <line number="287" hits="29" branch="False" />
          </lines>
        </class>
        <class name="Zipper.EmailTemplate" filename="EmailBuilder.cs" line-rate="0" branch-rate="1" complexity="10">
          <methods>
            <method name="get_To" signature="()" line-rate="0" branch-rate="1" complexity="1">
              <lines>
                <line number="11" hits="0" branch="False" />
              </lines>
            </method>
            <method name="get_From" signature="()" line-rate="0" branch-rate="1" complexity="1">
              <lines>
                <line number="12" hits="0" branch="False" />
              </lines>
            </method>
            <method name="get_Subject" signature="()" line-rate="0" branch-rate="1" complexity="1">
              <lines>
                <line number="13" hits="0" branch="False" />
              </lines>
            </method>
            <method name="get_SentDate" signature="()" line-rate="0" branch-rate="1" complexity="1">
              <lines>
                <line number="14" hits="0" branch="False" />
              </lines>
            </method>
            <method name="get_Body" signature="()" line-rate="0" branch-rate="1" complexity="1">
              <lines>
                <line number="15" hits="0" branch="False" />
              </lines>
            </method>
            <method name="get_Cc" signature="()" line-rate="0" branch-rate="1" complexity="1">
              <lines>
                <line number="16" hits="0" branch="False" />
              </lines>
            </method>
            <method name="get_Bcc" signature="()" line-rate="0" branch-rate="1" complexity="1">
              <lines>
                <line number="17" hits="0" branch="False" />
              </lines>
            </method>
            <method name="get_ReplyTo" signature="()" line-rate="0" branch-rate="1" complexity="1">
              <lines>
                <line number="18" hits="0" branch="False" />
              </lines>
            </method>
            <method name="get_IsHighPriority" signature="()" line-rate="0" branch-rate="1" complexity="1">
              <lines>
                <line number="19" hits="0" branch="False" />
              </lines>
            </method>
            <method name="get_RequestReadReceipt" signature="()" line-rate="0" branch-rate="1" complexity="1">
              <lines>
                <line number="20" hits="0" branch="False" />
              </lines>
            </method>
          </methods>
          <lines>
            <line number="11" hits="0" branch="False" />
            <line number="12" hits="0" branch="False" />
            <line number="13" hits="0" branch="False" />
            <line number="14" hits="0" branch="False" />
            <line number="15" hits="0" branch="False" />
            <line number="16" hits="0" branch="False" />
            <line number="17" hits="0" branch="False" />
            <line number="18" hits="0" branch="False" />
            <line number="19" hits="0" branch="False" />
            <line number="20" hits="0" branch="False" />
          </lines>
        </class>
        <class name="Zipper.AttachmentInfo" filename="EmailBuilder.cs" line-rate="0" branch-rate="1" complexity="5">
          <methods>
            <method name="get_FileName" signature="()" line-rate="0" branch-rate="1" complexity="1">
              <lines>
                <line number="28" hits="0" branch="False" />
              </lines>
            </method>
            <method name="get_Content" signature="()" line-rate="0" branch-rate="1" complexity="1">
              <lines>
                <line number="29" hits="0" branch="False" />
              </lines>
            </method>
            <method name="get_ContentType" signature="()" line-rate="0" branch-rate="1" complexity="1">
              <lines>
                <line number="30" hits="0" branch="False" />
              </lines>
            </method>
            <method name="get_ContentId" signature="()" line-rate="0" branch-rate="1" complexity="1">
              <lines>
                <line number="31" hits="0" branch="False" />
              </lines>
            </method>
            <method name="get_IsInline" signature="()" line-rate="0" branch-rate="1" complexity="1">
              <lines>
                <line number="32" hits="0" branch="False" />
              </lines>
            </method>
          </methods>
          <lines>
            <line number="28" hits="0" branch="False" />
            <line number="29" hits="0" branch="False" />
            <line number="30" hits="0" branch="False" />
            <line number="31" hits="0" branch="False" />
            <line number="32" hits="0" branch="False" />
          </lines>
        </class>
        <class name="Zipper.EmailBuilder" filename="EmailBuilder.cs" line-rate="0" branch-rate="0" complexity="74">
          <methods>
            <method name="BuildEmail" signature="(Zipper.EmailTemplate,Zipper.AttachmentInfo)" line-rate="0" branch-rate="0" complexity="6">
              <lines>
                <line number="47" hits="0" branch="False" />
                <line number="48" hits="0" branch="True" condition-coverage="0% (0/2)">
                  <conditions>
                    <condition number="10" type="jump" coverage="0%" />
                  </conditions>
                </line>
                <line number="49" hits="0" branch="False" />
                <line number="51" hits="0" branch="True" condition-coverage="0% (0/2)">
                  <conditions>
                    <condition number="30" type="jump" coverage="0%" />
                  </conditions>
                </line>
                <line number="52" hits="0" branch="False" />
                <line number="55" hits="0" branch="False" />
                <line number="58" hits="0" branch="True" condition-coverage="0% (0/2)">
                  <conditions>
                    <condition number="70" type="jump" coverage="0%" />
                  </conditions>
                </line>
                <line number="59" hits="0" branch="False" />
                <line number="60" hits="0" branch="False" />
                <line number="61" hits="0" branch="False" />
                <line number="63" hits="0" branch="False" />
                <line number="64" hits="0" branch="False" />
                <line number="65" hits="0" branch="False" />
                <line number="67" hits="0" branch="False" />
                <line number="68" hits="0" branch="False" />
              </lines>
            </method>
            <method name="BuildEmail" signature="(System.String,System.String,System.String,System.DateTime,System.String,System.Nullable`1&lt;System.ValueTuple`2&lt;System.String,System.Byte[]&gt;&gt;)" line-rate="0" branch-rate="0" complexity="2">
              <lines>
                <line number="75" hits="0" branch="False" />
                <line number="76" hits="0" branch="False" />
                <line number="77" hits="0" branch="False" />
                <line number="78" hits="0" branch="False" />
                <line number="79" hits="0" branch="False" />
                <line number="80" hits="0" branch="False" />
                <line number="81" hits="0" branch="False" />
                <line number="82" hits="0" branch="False" />
                <line number="83" hits="0" branch="False" />
                <line number="85" hits="0" branch="True" condition-coverage="0% (0/2)">
                  <conditions>
                    <condition number="55" type="jump" coverage="0%" />
                  </conditions>
                </line>
                <line number="86" hits="0" branch="False" />
                <line number="87" hits="0" branch="False" />
                <line number="88" hits="0" branch="False" />
                <line number="89" hits="0" branch="False" />
                <line number="91" hits="0" branch="False" />
                <line number="92" hits="0" branch="False" />
              </lines>
            </method>
            <method name="BuildHeaders" signature="(System.Text.StringBuilder,Zipper.EmailTemplate,Zipper.AttachmentInfo,System.String)" line-rate="0" branch-rate="0" complexity="12">
              <lines>
                <line number="95" hits="0" branch="False" />
                <line number="97" hits="0" branch="False" />
                <line number="98" hits="0" branch="False" />
                <line number="100" hits="0" branch="True" condition-coverage="0% (0/2)">
                  <conditions>
                    <condition number="113" type="jump" coverage="0%" />
                  </conditions>
                </line>
                <line number="101" hits="0" branch="False" />
                <line number="103" hits="0" branch="True" condition-coverage="0% (0/2)">
                  <conditions>
                    <condition number="179" type="jump" coverage="0%" />
                  </conditions>
                </line>
                <line number="104" hits="0" branch="False" />
                <line number="106" hits="0" branch="False" />
                <line number="107" hits="0" branch="False" />
                <line number="108" hits="0" branch="False" />
                <line number="111" hits="0" branch="True" condition-coverage="0% (0/2)">
                  <conditions>
                    <condition number="353" type="jump" coverage="0%" />
                  </conditions>
                </line>
                <line number="112" hits="0" branch="False" />
                <line number="113" hits="0" branch="False" />
                <line number="114" hits="0" branch="False" />
                <line number="115" hits="0" branch="False" />
                <line number="117" hits="0" branch="True" condition-coverage="0% (0/2)">
                  <conditions>
                    <condition number="391" type="jump" coverage="0%" />
                  </conditions>
                </line>
                <line number="118" hits="0" branch="False" />
                <line number="119" hits="0" branch="False" />
                <line number="120" hits="0" branch="False" />
                <line number="122" hits="0" branch="True" condition-coverage="0% (0/2)">
                  <conditions>
                    <condition number="462" type="jump" coverage="0%" />
                  </conditions>
                </line>
                <line number="123" hits="0" branch="False" />
                <line number="124" hits="0" branch="False" />
                <line number="125" hits="0" branch="False" />
                <line number="128" hits="0" branch="True" condition-coverage="0% (0/2)">
                  <conditions>
                    <condition number="526" type="jump" coverage="0%" />
                  </conditions>
                </line>
                <line number="129" hits="0" branch="False" />
                <line number="130" hits="0" branch="False" />
                <line number="131" hits="0" branch="False" />
                <line number="132" hits="0" branch="False" />
                <line number="133" hits="0" branch="False" />
              </lines>
            </method>
            <method name="BuildMultipartContent" signature="(System.Text.StringBuilder,Zipper.EmailTemplate,Zipper.AttachmentInfo,System.String)" line-rate="0" branch-rate="0" complexity="4">
              <lines>
                <line number="136" hits="0" branch="False" />
                <line number="138" hits="0" branch="False" />
                <line number="139" hits="0" branch="False" />
                <line number="140" hits="0" branch="False" />
                <line number="141" hits="0" branch="False" />
                <line number="142" hits="0" branch="False" />
                <line number="143" hits="0" branch="False" />
                <line number="146" hits="0" branch="False" />
                <line number="147" hits="0" branch="False" />
                <line number="148" hits="0" branch="False" />
                <line number="150" hits="0" branch="True" condition-coverage="0% (0/4)">
                  <conditions>
                    <condition number="245" type="jump" coverage="0%" />
                    <condition number="266" type="jump" coverage="0%" />
                  </conditions>
                </line>
                <line number="151" hits="0" branch="False" />
                <line number="152" hits="0" branch="False" />
                <line number="153" hits="0" branch="False" />
                <line number="154" hits="0" branch="False" />
                <line number="156" hits="0" branch="False" />
                <line number="157" hits="0" branch="False" />
                <line number="158" hits="0" branch="False" />
                <line number="160" hits="0" branch="False" />
                <line number="161" hits="0" branch="False" />
                <line number="162" hits="0" branch="False" />
                <line number="163" hits="0" branch="False" />
              </lines>
            </method>
            <method name="BuildSimpleContent" signature="(System.Text.StringBuilder,Zipper.EmailTemplate)" line-rate="0" branch-rate="1" complexity="1">
              <lines>
                <line number="166" hits="0" branch="False" />
                <line number="167" hits="0" branch="False" />
                <line number="168" hits="0" branch="False" />
                <line number="169" hits="0" branch="False" />
                <line number="170" hits="0" branch="False" />
                <line number="171" hits="0" branch="False" />
              </lines>
            </method>
            <method name="GenerateBoundary" signature="()" line-rate="0" branch-rate="1" complexity="1">
              <lines>
                <line number="174" hits="0" branch="False" />
                <line number="175" hits="0" branch="False" />
                <line number="176" hits="0" branch="False" />
              </lines>
            </method>
            <method name="GetContentType" signature="(Zipper.AttachmentInfo)" line-rate="0" branch-rate="0" complexity="48">
              <lines>
                <line number="179" hits="0" branch="False" />
                <line number="180" hits="0" branch="True" condition-coverage="0% (0/2)">
                  <conditions>
                    <condition number="17" type="jump" coverage="0%" />
                  </conditions>
                </line>
                <line number="181" hits="0" branch="False" />
                <line number="184" hits="0" branch="False" />
                <line number="185" hits="0" branch="True" condition-coverage="0% (0/46)">
                  <conditions>
                    <condition number="67" type="jump" coverage="0%" />
                    <condition number="76" type="jump" coverage="0%" />
                    <condition number="85" type="jump" coverage="0%" />
                    <condition number="116" type="jump" coverage="0%" />
                    <condition number="130" type="jump" coverage="0%" />
                    <condition number="161" type="jump" coverage="0%" />
                    <condition number="170" type="jump" coverage="0%" />
                    <condition number="195" type="jump" coverage="0%" />
                    <condition number="206" type="jump" coverage="0%" />
                    <condition number="181" type="jump" coverage="0%" />
                    <condition number="99" type="jump" coverage="0%" />
                    <condition number="144" type="jump" coverage="0%" />
                    <condition number="217" type="jump" coverage="0%" />
                    <condition number="238" type="jump" coverage="0%" />
                    <condition number="259" type="jump" coverage="0%" />
                    <condition number="280" type="jump" coverage="0%" />
                    <condition number="298" type="jump" coverage="0%" />
                    <condition number="316" type="jump" coverage="0%" />
                    <condition number="334" type="jump" coverage="0%" />
                    <condition number="349" type="jump" coverage="0%" />
                    <condition number="364" type="jump" coverage="0%" />
                    <condition number="379" type="jump" coverage="0%" />
                    <condition number="394" type="jump" coverage="0%" />
                  </conditions>
                </line>
                <line number="186" hits="0" branch="False" />
[...]
            <line number="55" hits="0" branch="False" />
            <line number="56" hits="0" branch="True" condition-coverage="0% (0/2)">
              <conditions>
                <condition number="53" type="jump" coverage="0%" />
              </conditions>
            </line>
            <line number="57" hits="0" branch="False" />
            <line number="58" hits="0" branch="False" />
            <line number="59" hits="0" branch="False" />
            <line number="60" hits="0" branch="False" />
            <line number="61" hits="0" branch="False" />
            <line number="72" hits="2" branch="False" />
            <line number="74" hits="2" branch="True" condition-coverage="50% (1/2)">
              <conditions>
                <condition number="25" type="jump" coverage="50%" />
              </conditions>
            </line>
            <line number="75" hits="0" branch="False" />
            <line number="76" hits="0" branch="False" />
            <line number="79" hits="2" branch="True" condition-coverage="50% (1/2)">
              <conditions>
                <condition number="36" type="jump" coverage="50%" />
              </conditions>
            </line>
            <line number="80" hits="2" branch="False" />
            <line number="81" hits="2" branch="True" condition-coverage="50% (1/2)">
              <conditions>
                <condition number="97" type="jump" coverage="50%" />
              </conditions>
            </line>
            <line number="82" hits="2" branch="True" condition-coverage="50% (1/2)">
              <conditions>
                <condition number="131" type="jump" coverage="50%" />
              </conditions>
            </line>
            <line number="85" hits="2" branch="False" />
            <line number="87" hits="2" branch="True" condition-coverage="100% (4/4)">
              <conditions>
                <condition number="167" type="jump" coverage="100%" />
                <condition number="191" type="jump" coverage="100%" />
              </conditions>
            </line>
            <line number="88" hits="1" branch="False" />
            <line number="89" hits="1" branch="False" />
            <line number="90" hits="1" branch="False" />
            <line number="91" hits="1" branch="False" />
            <line number="92" hits="1" branch="False" />
            <line number="93" hits="2" branch="False" />
            <line number="101" hits="2" branch="False" />
            <line number="102" hits="2" branch="True" condition-coverage="50% (1/2)">
              <conditions>
                <condition number="18" type="jump" coverage="50%" />
              </conditions>
            </line>
            <line number="103" hits="0" branch="False" />
            <line number="106" hits="2" branch="False" />
            <line number="109" hits="2" branch="True" condition-coverage="50% (1/2)">
              <conditions>
                <condition number="72" type="jump" coverage="50%" />
              </conditions>
            </line>
            <line number="110" hits="2" branch="False" />
            <line number="111" hits="2" branch="False" />
            <line number="112" hits="2" branch="False" />
            <line number="113" hits="2" branch="False" />
            <line number="116" hits="0" branch="False" />
            <line number="117" hits="2" branch="False" />
            <line number="124" hits="0" branch="False" />
            <line number="125" hits="0" branch="False" />
            <line number="126" hits="0" branch="False" />
            <line number="132" hits="0" branch="False" />
            <line number="133" hits="0" branch="False" />
            <line number="134" hits="0" branch="False" />
            <line number="135" hits="0" branch="False" />
            <line number="136" hits="0" branch="False" />
            <line number="137" hits="0" branch="False" />
            <line number="138" hits="0" branch="False" />
            <line number="139" hits="0" branch="False" />
            <line number="140" hits="0" branch="False" />
            <line number="146" hits="2" branch="False" />
            <line number="147" hits="2" branch="False" />
            <line number="148" hits="2" branch="False" />
            <line number="13" hits="1" branch="False" />
            <line number="14" hits="1" branch="False" />
            <line number="63" hits="1" branch="False" />
            <line number="64" hits="1" branch="False" />
          </lines>
        </class>
        <class name="Zipper.ProportionalDistribution" filename="ProportionalDistribution.cs" line-rate="1" branch-rate="1" complexity="1">
          <methods>
            <method name="CalculateFolder" signature="(System.Int64,System.Int32)" line-rate="1" branch-rate="1" complexity="1">
              <lines>
                <line number="16" hits="110" branch="False" />
                <line number="18" hits="110" branch="False" />
                <line number="19" hits="110" branch="False" />
              </lines>
            </method>
          </methods>
          <lines>
            <line number="16" hits="110" branch="False" />
            <line number="18" hits="110" branch="False" />
            <line number="19" hits="110" branch="False" />
          </lines>
        </class>
        <class name="Zipper.ZipArchiveService" filename="ZipArchiveService.cs" line-rate="0.1219" branch-rate="0" complexity="17">
          <methods>
            <method name="WriteFileToArchive" signature="(System.IO.Compression.ZipArchive,Zipper.FileData)" line-rate="1" branch-rate="1" complexity="1">
              <lines>
                <line number="86" hits="110" branch="False" />
                <line number="87" hits="110" branch="False" />
                <line number="88" hits="110" branch="False" />
                <line number="89" hits="110" branch="False" />
                <line number="90" hits="220" branch="False" />
              </lines>
            </method>
            <method name="WriteAttachmentToArchive" signature="(System.IO.Compression.ZipArchive,Zipper.FileData)" line-rate="0" branch-rate="0" complexity="2">
              <lines>
                <line number="96" hits="0" branch="False" />
                <line number="97" hits="0" branch="True" condition-coverage="0% (0/2)">
                  <conditions>
                    <condition number="20" type="jump" coverage="0%" />
                  </conditions>
                </line>
                <line number="99" hits="0" branch="False" />
                <line number="100" hits="0" branch="False" />
                <line number="101" hits="0" branch="False" />
                <line number="103" hits="0" branch="False" />
                <line number="104" hits="0" branch="False" />
                <line number="105" hits="0" branch="False" />
              </lines>
            </method>
            <method name="WriteAttachmentTextToArchive" signature="(System.IO.Compression.ZipArchive,Zipper.FileData)" line-rate="0" branch-rate="0" complexity="2">
              <lines>
                <line number="111" hits="0" branch="False" />
                <line number="112" hits="0" branch="True" condition-coverage="0% (0/2)">
                  <conditions>
                    <condition number="21" type="jump" coverage="0%" />
                  </conditions>
                </line>
                <line number="114" hits="0" branch="False" />
                <line number="115" hits="0" branch="False" />
                <line number="116" hits="0" branch="False" />
                <line number="117" hits="0" branch="False" />
                <line number="119" hits="0" branch="False" />
                <line number="120" hits="0" branch="False" />
                <line number="121" hits="0" branch="False" />
              </lines>
            </method>
            <method name="WriteExtractedTextToArchive" signature="(System.IO.Compression.ZipArchive,Zipper.FileData,Zipper.FileGenerationRequest)" line-rate="0" branch-rate="0" complexity="2">
              <lines>
                <line number="127" hits="0" branch="False" />
                <line number="128" hits="0" branch="True" condition-coverage="0% (0/2)">
                  <conditions>
                    <condition number="14" type="jump" coverage="0%" />
                  </conditions>
                </line>
                <line number="130" hits="0" branch="False" />
                <line number="131" hits="0" branch="False" />
                <line number="133" hits="0" branch="False" />
                <line number="134" hits="0" branch="False" />
                <line number="136" hits="0" branch="False" />
                <line number="137" hits="0" branch="False" />
                <line number="138" hits="0" branch="False" />
              </lines>
            </method>
            <method name="GetExtractedTextContent" signature="(System.String)" line-rate="0" branch-rate="0" complexity="10">
              <lines>
                <line number="144" hits="0" branch="False" />
                <line number="145" hits="0" branch="True" condition-coverage="0% (0/10)">
                  <conditions>
                    <condition number="23" type="jump" coverage="0%" />
                    <condition number="36" type="jump" coverage="0%" />
                    <condition number="49" type="jump" coverage="0%" />
                    <condition number="62" type="jump" coverage="0%" />
                    <condition number="75" type="jump" coverage="0%" />
                  </conditions>
                </line>
                <line number="146" hits="0" branch="False" />
                <line number="147" hits="0" branch="False" />
                <line number="148" hits="0" branch="False" />
                <line number="149" hits="0" branch="False" />
                <line number="150" hits="0" branch="False" />
                <line number="151" hits="0" branch="False" />
                <line number="152" hits="0" branch="False" />
                <line number="153" hits="0" branch="False" />
              </lines>
            </method>
          </methods>
          <lines>
            <line number="86" hits="110" branch="False" />
            <line number="87" hits="110" branch="False" />
            <line number="88" hits="110" branch="False" />
            <line number="89" hits="110" branch="False" />
            <line number="90" hits="220" branch="False" />
            <line number="96" hits="0" branch="False" />
            <line number="97" hits="0" branch="True" condition-coverage="0% (0/2)">
              <conditions>
                <condition number="20" type="jump" coverage="0%" />
              </conditions>
            </line>
            <line number="99" hits="0" branch="False" />
            <line number="100" hits="0" branch="False" />
            <line number="101" hits="0" branch="False" />
            <line number="103" hits="0" branch="False" />
            <line number="104" hits="0" branch="False" />
            <line number="105" hits="0" branch="False" />
            <line number="111" hits="0" branch="False" />
            <line number="112" hits="0" branch="True" condition-coverage="0% (0/2)">
              <conditions>
                <condition number="21" type="jump" coverage="0%" />
              </conditions>
            </line>
            <line number="114" hits="0" branch="False" />
            <line number="115" hits="0" branch="False" />
            <line number="116" hits="0" branch="False" />
            <line number="117" hits="0" branch="False" />
            <line number="119" hits="0" branch="False" />
            <line number="120" hits="0" branch="False" />
            <line number="121" hits="0" branch="False" />
            <line number="127" hits="0" branch="False" />
            <line number="128" hits="0" branch="True" condition-coverage="0% (0/2)">
              <conditions>
                <condition number="14" type="jump" coverage="0%" />
              </conditions>
            </line>
            <line number="130" hits="0" branch="False" />
            <line number="131" hits="0" branch="False" />
            <line number="133" hits="0" branch="False" />
            <line number="134" hits="0" branch="False" />
            <line number="136" hits="0" branch="False" />
            <line number="137" hits="0" branch="False" />
            <line number="138" hits="0" branch="False" />
            <line number="144" hits="0" branch="False" />
            <line number="145" hits="0" branch="True" condition-coverage="0% (0/10)">
              <conditions>
                <condition number="23" type="jump" coverage="0%" />
                <condition number="36" type="jump" coverage="0%" />
                <condition number="49" type="jump" coverage="0%" />
                <condition number="62" type="jump" coverage="0%" />
                <condition number="75" type="jump" coverage="0%" />
              </conditions>
            </line>
            <line number="146" hits="0" branch="False" />
            <line number="147" hits="0" branch="False" />
            <line number="148" hits="0" branch="False" />
            <line number="149" hits="0" branch="False" />
            <line number="150" hits="0" branch="False" />
            <line number="151" hits="0" branch="False" />
            <line number="152" hits="0" branch="False" />
            <line number="153" hits="0" branch="False" />
          </lines>
        </class>
        <class name="Zipper.ZipArchiveService/&lt;CreateArchiveAsync&gt;d__0" filename="ZipArchiveService.cs" line-rate="0.6" branch-rate="0.5714" complexity="14">
          <methods>
            <method name="MoveNext" signature="()" line-rate="0.6" branch-rate="0.5714" complexity="14">
              <lines>
                <line number="34" hits="2" branch="False" />
                <line number="35" hits="2" branch="False" />
                <line number="36" hits="2" branch="False" />
                <line number="38" hits="2" branch="False" />
                <line number="41" hits="226" branch="True" condition-coverage="100% (2/2)">
                  <conditions>
                    <condition number="538" type="jump" coverage="100%" />
                  </conditions>
                </line>
                <line number="42" hits="110" branch="False" />
                <line number="43" hits="110" branch="False" />
                <line number="51" hits="110" branch="False" />
                <line number="53" hits="110" branch="True" condition-coverage="50% (1/2)">
                  <conditions>
                    <condition number="253" type="jump" coverage="50%" />
                  </conditions>
                </line>
                <line number="54" hits="0" branch="False" />
                <line number="55" hits="0" branch="False" />
                <line number="56" hits="0" branch="False" />
                <line number="58" hits="110" branch="True" condition-coverage="50% (1/2)">
                  <conditions>
                    <condition number="303" type="jump" coverage="50%" />
                  </conditions>
                </line>
                <line number="59" hits="0" branch="False" />
                <line number="60" hits="0" branch="False" />
                <line number="61" hits="0" branch="False" />
                <line number="63" hits="110" branch="True" condition-coverage="50% (2/4)">
                  <conditions>
                    <condition number="345" type="jump" coverage="50%" />
                    <condition number="365" type="jump" coverage="50%" />
                  </conditions>
                </line>
                <line number="64" hits="0" branch="False" />
                <line number="65" hits="0" branch="False" />
                <line number="66" hits="0" branch="False" />
                <line number="68" hits="110" branch="True" condition-coverage="50% (1/2)">
                  <conditions>
                    <condition number="399" type="jump" coverage="50%" />
                  </conditions>
                </line>
                <line number="69" hits="110" branch="False" />
                <line number="72" hits="2" branch="True" condition-coverage="50% (1/2)">
                  <conditions>
                    <condition number="751" type="jump" coverage="50%" />
                  </conditions>
                </line>
                <line number="73" hits="0" branch="False" />
                <line number="74" hits="0" branch="False" />
                <line number="75" hits="0" branch="False" />
                <line number="77" hits="2" branch="False" />
                <line number="78" hits="2" branch="False" />
                <line number="79" hits="2" branch="False" />
                <line number="80" hits="2" branch="False" />
              </lines>
            </method>
          </methods>
          <lines>
            <line number="34" hits="2" branch="False" />
            <line number="35" hits="2" branch="False" />
            <line number="36" hits="2" branch="False" />
            <line number="38" hits="2" branch="False" />
            <line number="41" hits="226" branch="True" condition-coverage="100% (2/2)">
              <conditions>
                <condition number="538" type="jump" coverage="100%" />
              </conditions>
            </line>
            <line number="42" hits="110" branch="False" />
            <line number="43" hits="110" branch="False" />
            <line number="51" hits="110" branch="False" />
            <line number="53" hits="110" branch="True" condition-coverage="50% (1/2)">
              <conditions>
                <condition number="253" type="jump" coverage="50%" />
              </conditions>
            </line>
            <line number="54" hits="0" branch="False" />
            <line number="55" hits="0" branch="False" />
            <line number="56" hits="0" branch="False" />
            <line number="58" hits="110" branch="True" condition-coverage="50% (1/2)">
              <conditions>
                <condition number="303" type="jump" coverage="50%" />
              </conditions>
            </line>
            <line number="59" hits="0" branch="False" />
            <line number="60" hits="0" branch="False" />
            <line number="61" hits="0" branch="False" />
            <line number="63" hits="110" branch="True" condition-coverage="50% (2/4)">
              <conditions>
                <condition number="345" type="jump" coverage="50%" />
                <condition number="365" type="jump" coverage="50%" />
              </conditions>
            </line>
            <line number="64" hits="0" branch="False" />
            <line number="65" hits="0" branch="False" />
            <line number="66" hits="0" branch="False" />
            <line number="68" hits="110" branch="True" condition-coverage="50% (1/2)">
              <conditions>
                <condition number="399" type="jump" coverage="50%" />
              </conditions>
            </line>
            <line number="69" hits="110" branch="False" />
            <line number="72" hits="2" branch="True" condition-coverage="50% (1/2)">
              <conditions>
                <condition number="751" type="jump" coverage="50%" />
              </conditions>
            </line>
            <line number="73" hits="0" branch="False" />
            <line number="74" hits="0" branch="False" />
            <line number="75" hits="0" branch="False" />
            <line number="77" hits="2" branch="False" />
            <line number="78" hits="2" branch="False" />
            <line number="79" hits="2" branch="False" />
            <line number="80" hits="2" branch="False" />
          </lines>
        </class>
      </classes>
    </package>
  </packages>
</coverage>