<?xml version="1.0" encoding="utf-8"?>
<coverage line-rate="0.20" branch-rate="0.20" version="1.9">
  <sources>
    <source>/home/runner/work/zipper/zipper/src/</source>
  </sources>
  <packages>
    <package name="Zipper" line-rate="0.20">
      <classes>
        <class name="Zipper.Cli.CliArgument" filename="Cli/CliArgument.cs" line-rate="0.00">
          <lines>
            <line number="1" hits="0" />
            <line number="2" hits="0" />
            <line number="3" hits="0" />
            <line number="4" hits="0" />
            <line number="5" hits="0" />
            <line number="6" hits="0" />
            <line number="7" hits="0" />
            <line number="8" hits="0" />
            <line number="9" hits="0" />
            <line number="10" hits="0" />
            <line number="11" hits="0" />
            <line number="12" hits="0" />
            <line number="13" hits="0" />
            <line number="14" hits="0" />
            <line number="15" hits="0" />
            <line number="16" hits="0" />
            <line number="17" hits="0" />
            <line number="18" hits="0" />
            <line number="19" hits="0" />
            <line number="20" hits="0" />
            <line number="21" hits="0" />
            <line number="22" hits="0" />
            <line number="23" hits="0" />
            <line number="24" hits="0" />
            <line number="25" hits="0" />
          </lines>
        </class>
      </classes>
    </package>
  </packages>
</coverage>
