<?xml version="1.0" encoding="utf-8"?>
<coverage line-rate="0.85" branch-rate="0.80" version="1.9">
  <sources>
    <source>/home/runner/work/zipper/zipper/src/</source>
  </sources>
  <packages>
    <package name="Zipper" line-rate="0.85">
      <classes>
        <class name="Zipper.SampleModule" filename="SampleModule.cs" line-rate="0.80">
          <lines>
            <line number="1" hits="5" />
            <line number="2" hits="5" />
            <line number="3" hits="5" />
            <line number="4" hits="5" />
            <line number="5" hits="5" />
            <line number="6" hits="5" />
            <line number="7" hits="5" />
            <line number="8" hits="5" />
            <line number="9" hits="0" />
            <line number="10" hits="0" />
            <line number="11" hits="5" />
            <line number="12" hits="5" />
            <line number="13" hits="5" />
            <line number="14" hits="5" />
            <line number="15" hits="5" />
            <line number="16" hits="5" />
            <line number="17" hits="5" />
            <line number="18" hits="5" />
            <line number="19" hits="5" />
            <line number="20" hits="5" />
            <line number="21" hits="5" />

            <line number="22" hits="5" />
            <line number="23" hits="5" />
            <line number="24" hits="5" />
            <line number="25" hits="5" />
          </lines>
        </class>
      </classes>
    </package>
  </packages>
</coverage>
